app/manifest-merger-release-report.txt
-- Merging decision tree log ---
manifest
ADDED from AndroidManifest.xml:2:1
	xmlns:android
		ADDED from AndroidManifest.xml:2:11
	package
		ADDED from AndroidManifest.xml:3:5
		INJECTED from AndroidManifest.xml:0:0
		INJECTED from AndroidManifest.xml:0:0
	android:versionName
		ADDED from AndroidManifest.xml:5:5
		INJECTED from AndroidManifest.xml:0:0
		INJECTED from AndroidManifest.xml:0:0
	android:versionCode
		ADDED from AndroidManifest.xml:4:5
		INJECTED from AndroidManifest.xml:0:0
		INJECTED from AndroidManifest.xml:0:0
uses-permission#android.permission.INTERNET
ADDED from AndroidManifest.xml:7:5
	android:name
		ADDED from AndroidManifest.xml:7:22
uses-permission#android.permission.WRITE_EXTERNAL_STORAGE
ADDED from AndroidManifest.xml:8:5
	android:name
		ADDED from AndroidManifest.xml:8:22
uses-permission#android.permission.MOUNT_UNMOUNT_FILESYSTEMS
ADDED from AndroidManifest.xml:9:5
	android:name
		ADDED from AndroidManifest.xml:9:22
application
ADDED from AndroidManifest.xml:11:5
MERGED from com.astuetz:library:1.0.1:9:5
	android:label
		ADDED from AndroidManifest.xml:15:9
	android:allowBackup
		ADDED from AndroidManifest.xml:13:9
	android:icon
		ADDED from AndroidManifest.xml:14:9
	android:theme
		ADDED from AndroidManifest.xml:16:9
	android:name
		ADDED from AndroidManifest.xml:12:9
activity#com.coinport.odin.activity.SplashActivity
ADDED from AndroidManifest.xml:17:9
	android:screenOrientation
		ADDED from AndroidManifest.xml:22:13
	android:label
		ADDED from AndroidManifest.xml:20:13
	android:configChanges
		ADDED from AndroidManifest.xml:19:13
	android:theme
		ADDED from AndroidManifest.xml:23:13
	android:name
		ADDED from AndroidManifest.xml:18:13
	android:launchMode
		ADDED from AndroidManifest.xml:21:13
intent-filter#android.intent.action.MAIN+android.intent.category.LAUNCHER
ADDED from AndroidManifest.xml:24:13
action#android.intent.action.MAIN
ADDED from AndroidManifest.xml:25:17
	android:name
		ADDED from AndroidManifest.xml:25:25
category#android.intent.category.LAUNCHER
ADDED from AndroidManifest.xml:27:17
	android:name
		ADDED from AndroidManifest.xml:27:27
activity#com.coinport.odin.activity.MainActivity
ADDED from AndroidManifest.xml:30:9
	android:screenOrientation
		ADDED from AndroidManifest.xml:33:13
	android:label
		ADDED from AndroidManifest.xml:32:13
	android:name
		ADDED from AndroidManifest.xml:31:13
	android:launchMode
		ADDED from AndroidManifest.xml:34:13
activity#com.coinport.odin.activity.TradeActivity
ADDED from AndroidManifest.xml:36:9
	android:windowSoftInputMode
		ADDED from AndroidManifest.xml:42:13
	android:screenOrientation
		ADDED from AndroidManifest.xml:41:13
	android:label
		ADDED from AndroidManifest.xml:39:13
	android:parentActivityName
		ADDED from AndroidManifest.xml:40:13
	android:name
		ADDED from AndroidManifest.xml:37:13
	android:launchMode
		ADDED from AndroidManifest.xml:38:13
meta-data#android.support.PARENT_ACTIVITY
ADDED from AndroidManifest.xml:43:13
	android:name
		ADDED from AndroidManifest.xml:44:17
	android:value
		ADDED from AndroidManifest.xml:45:17
activity#com.coinport.odin.activity.UserVerifyActivity
ADDED from AndroidManifest.xml:47:9
	android:screenOrientation
		ADDED from AndroidManifest.xml:50:13
	android:label
		ADDED from AndroidManifest.xml:49:13
	android:parentActivityName
		ADDED from AndroidManifest.xml:51:13
	android:name
		ADDED from AndroidManifest.xml:48:13
activity#com.coinport.odin.activity.BindPhoneActivity
ADDED from AndroidManifest.xml:56:9
	android:screenOrientation
		ADDED from AndroidManifest.xml:60:13
	android:label
		ADDED from AndroidManifest.xml:59:13
	android:parentActivityName
		ADDED from AndroidManifest.xml:61:13
	android:name
		ADDED from AndroidManifest.xml:57:13
	android:launchMode
		ADDED from AndroidManifest.xml:58:13
activity#com.coinport.odin.activity.ChangePwActivity
ADDED from AndroidManifest.xml:66:9
	android:screenOrientation
		ADDED from AndroidManifest.xml:70:13
	android:label
		ADDED from AndroidManifest.xml:69:13
	android:parentActivityName
		ADDED from AndroidManifest.xml:71:13
	android:name
		ADDED from AndroidManifest.xml:67:13
	android:launchMode
		ADDED from AndroidManifest.xml:68:13
activity#com.coinport.odin.activity.ResetPwActivity
ADDED from AndroidManifest.xml:76:9
	android:screenOrientation
		ADDED from AndroidManifest.xml:79:13
	android:label
		ADDED from AndroidManifest.xml:80:13
	android:name
		ADDED from AndroidManifest.xml:77:13
	android:launchMode
		ADDED from AndroidManifest.xml:78:13
activity#com.coinport.odin.activity.AssetActivity
ADDED from AndroidManifest.xml:82:9
	android:screenOrientation
		ADDED from AndroidManifest.xml:86:13
	android:label
		ADDED from AndroidManifest.xml:85:13
	android:parentActivityName
		ADDED from AndroidManifest.xml:87:13
	android:name
		ADDED from AndroidManifest.xml:83:13
	android:launchMode
		ADDED from AndroidManifest.xml:84:13
activity#com.coinport.odin.activity.LoginActivity
ADDED from AndroidManifest.xml:92:9
	android:screenOrientation
		ADDED from AndroidManifest.xml:95:13
	android:label
		ADDED from AndroidManifest.xml:96:13
	android:name
		ADDED from AndroidManifest.xml:93:13
	android:launchMode
		ADDED from AndroidManifest.xml:94:13
activity#com.coinport.odin.activity.RegisterActivity
ADDED from AndroidManifest.xml:98:9
	android:screenOrientation
		ADDED from AndroidManifest.xml:101:13
	android:label
		ADDED from AndroidManifest.xml:102:13
	android:name
		ADDED from AndroidManifest.xml:99:13
	android:launchMode
		ADDED from AndroidManifest.xml:100:13
activity#com.coinport.odin.activity.UnlockGesturePasswordActivity
ADDED from AndroidManifest.xml:104:9
	android:screenOrientation
		ADDED from AndroidManifest.xml:107:13
	android:theme
		ADDED from AndroidManifest.xml:108:13
	android:name
		ADDED from AndroidManifest.xml:105:13
	android:launchMode
		ADDED from AndroidManifest.xml:106:13
activity#com.coinport.odin.activity.CreateGesturePasswordActivity
ADDED from AndroidManifest.xml:109:9
	android:screenOrientation
		ADDED from AndroidManifest.xml:112:13
	android:theme
		ADDED from AndroidManifest.xml:113:14
	android:name
		ADDED from AndroidManifest.xml:110:13
	android:launchMode
		ADDED from AndroidManifest.xml:111:13
activity#com.coinport.odin.activity.GuideGesturePasswordActivity
ADDED from AndroidManifest.xml:114:9
	android:screenOrientation
		ADDED from AndroidManifest.xml:117:13
	android:theme
		ADDED from AndroidManifest.xml:118:13
	android:name
		ADDED from AndroidManifest.xml:115:13
	android:launchMode
		ADDED from AndroidManifest.xml:116:13
uses-sdk
INJECTED from AndroidManifest.xml:0:0 reason: use-sdk injection requested
MERGED from com.astuetz:library:1.0.1:5:5
	android:targetSdkVersion
		INJECTED from AndroidManifest.xml:0:0
		INJECTED from AndroidManifest.xml:0:0
	android:minSdkVersion
		INJECTED from AndroidManifest.xml:0:0
		INJECTED from AndroidManifest.xml:0:0